<?xml version="1.0" encoding="UTF-8"?>
<!-- Generated by org.testng.reporters.JUnitXMLReporter -->
<testsuite ignored="0" hostname="LAPTOP-VLPS9VUP" failures="0" tests="3" name="Default test" time="0.459" errors="0" timestamp="09 Nov 2020 17:57:13 GMT">
  <testcase classname="cucumber.api.testng.AbstractTestNGCucumberTests" name="feature" time="0.046"/>
  <testcase classname="cucumber.api.testng.AbstractTestNGCucumberTests" name="feature" time="0.026"/>
  <testcase classname="cucumber.api.testng.AbstractTestNGCucumberTests" name="feature" time="0.024"/>
</testsuite> <!-- Default test -->
